Read prefs: /Users/justin/Library/Application Support/Blender/2.80/config/userpref.blend
found bundled python: /Applications/Blender.app/Contents/Resources/2.80/python
Read blend: /Users/justin/Desktop/gamer_revisions/mesh_sensitivity_analysis/imod2obj_direct_102618.blend
Info: Added a new Tet domain

Info: Saved "imod2obj_direct_102618.blend"

Loading BlendGAMer v(2, 0, 5) with PyGAMer v2.0.5-dev-23-g71c9c50.dirty
Loading BlendGAMer v(2, 0, 5) with PyGAMer v2.0.5-dev-23-g71c9c50.dirty
Blendfile contains GAMer v(2, 0, 1) metadata
Migrating from v(2, 0, 1) to v(2, 0, 5)
Current domains = []
######################## Begin Tetrahedralize ########################
obj_name = obj1_plasma_membrane, tet_domain = <bpy_struct, GAMerTetDomainPropertyGroup("")>
Current domains = ['obj1_plasma_membrane']
Mesh obj1_plasma_membrane: num verts: 4695 numfaces: 9386
Closed: 0; Marker: 1
========================================
TetGen quality string: q1.3000/10.0000O8/7AYVC
========================================
Number of vertices: 4695
Number of Faces: 9386
Number of Regions: 1
Number of Holes: 0
Region point: Tensor({0}:411.58; {1}:105.499; {2}:511.808)
  Initializing memorypools.
  tetrahedron per block: 8188.
  Size of a point: 128 bytes.
  Size of a tetrahedron: 104 (112) bytes.
  Size of a shellface: 192 (192) bytes.
  Initializing robust predicates.
  sizeof(double) =  8
  machine epsilon =   2.22045e-16 [IEEE 754 64-bit macheps]
Delaunizing vertices...
  Permuting vertices.
  Sorting vertices.
  Incrementally inserting vertices.
Delaunay seconds:  0.028175
  Point sorting seconds:  0.000458
Creating surface mesh ...
  9386 (14079) subfaces (segments).
Surface mesh seconds:  0.009451
Recovering boundaries...
  Recovering segments.
  14067 (12) segments are recovered (missing).
  14076 (3) segments are recovered (missing).
  Added 2 Steiner points in volume.
  Added 1 Steiner points in segments.
  Removed 1 Steiner points in segments.
  Recovering facets.
  9386 (0) subfaces are recovered (missing).
Boundary recovery seconds:  0.037228
  Segment recovery seconds:  0.026776
  Facet recovery seconds:  0.010452
Removing exterior tetrahedra ...
Spreading region attributes.
  Found 1 domain.
Exterior tets removal seconds:  0.014596
Suppressing Steiner points ...
  Smoothed 1 Steiner points.
Steiner suppression seconds:  0.000138
Recovering Delaunayness...
  Initial obj = 8511601046442.5908
  Final obj  = 8511525037039.5605
Delaunay recovery seconds:  0.0191
Refining mesh...
  Min radiu-edge ratio = 1.3.
  Min dihedral   angle = 10.
  Splitting bad quality tets.
  Added 2084 (0,0,2084) Steiner points.
  Performed 329 flips.
Refinement seconds:  0.521597
Optimizing mesh...
  Optimization level  = 8.
  Optimization scheme = 7.
  Number of iteration = 255.
  Min_Max dihed angle = 165.
  Removed 3070 edges.
  Smoothed 1 points.
  Split 1 slivers.
Optimization seconds:  2.00556
Jettisoning redundant points.
  0 duplicated vertices are removed.
  1 unused vertices are removed.

Writing nodes.
Writing elements.
Writing faces.
Writing edges.

Output seconds:  0.009666
Total running seconds:  2.64624
  Checking consistency of mesh...
  In my studied opinion, the mesh appears to be consistent.
  Checking consistency of the mesh boundary...
  Mesh boundaries connected correctly.
  Checking tet->seg connections...
  Checking seg->tet connections...
  Checking seg->seg connections...
  Segments are connected properly.

Statistics:

  Input points: 4695
  Input facets: 9386
  Input segments: 14079
  Input holes: 0
  Input regions: 1

  Mesh points: 6782
  Mesh tetrahedra: 27947
  Mesh faces: 60587
  Mesh faces on facets: 9386
  Mesh edges on segments: 14079
  Steiner points inside domain: 2087

Mesh quality statistics:

  Smallest volume:        0.0010672   |  Largest volume:           4839.1
  Shortest edge:            0.12041   |  Longest edge:              98.83
  Smallest asp.ratio:        1.2431   |  Largest asp.ratio:         45875
  Smallest facangle:      0.0024047   |  Largest facangle:       179.8609
  Smallest dihedral:       0.012446   |  Largest dihedral:       179.6879

  Aspect ratio histogram:
         < 1.5       :       226      |      6 - 10         :      4016
     1.5 - 2         :      2856      |     10 - 15         :      1964
       2 - 2.5       :      4430      |     15 - 25         :      1213
     2.5 - 3         :      3576      |     25 - 50         :       514
       3 - 4         :      4417      |     50 - 100        :       144
       4 - 6         :      4537      |    100 -            :        54
  (A tetrahedron's aspect ratio is its longest edge length divided by its
    smallest side height)

  Face angle histogram:
      0 -  10 degrees:      3453      |     90 - 100 degrees:      9161
     10 -  20 degrees:     10191      |    100 - 110 degrees:      6408
     20 -  30 degrees:     14715      |    110 - 120 degrees:      4446
     30 -  40 degrees:     21441      |    120 - 130 degrees:      3093
     40 -  50 degrees:     24981      |    130 - 140 degrees:      2153
     50 -  60 degrees:     24713      |    140 - 150 degrees:      1439
     60 -  70 degrees:     22647      |    150 - 160 degrees:       953
     70 -  80 degrees:     18596      |    160 - 170 degrees:       434
     80 -  90 degrees:     12853      |    170 - 180 degrees:        84

  Dihedral angle histogram:
       0 -  5 degrees:       786      |     80 - 110 degrees:     30347
       5 - 10 degrees:      2857      |    110 - 120 degrees:      6949
      10 - 20 degrees:     10990      |    120 - 130 degrees:      5653
      20 - 30 degrees:     13423      |    130 - 140 degrees:      5004
      30 - 40 degrees:     15448      |    140 - 150 degrees:      4411
      40 - 50 degrees:     16596      |    150 - 160 degrees:      3840
      50 - 60 degrees:     17178      |    160 - 170 degrees:      2019
      60 - 70 degrees:     16778      |    170 - 175 degrees:       120
      70 - 80 degrees:     15254      |    175 - 180 degrees:        29


Memory usage statistics:

  Maximum number of tetrahedra:  43053
  Maximum number of tet blocks (blocksize = 8188):  6
  Approximate memory for tetrahedral mesh (bytes):  12,899,760
  Approximate memory for extra pointers (bytes):  2,733,104
  Approximate memory for algorithms (bytes):  5,838,328
  Approximate memory for working arrays (bytes):  745,520
  Approximate total used memory (bytes):  22,216,712

File '/Users/justintetmesh_init.vtk' could not be writen to.
Read prefs: /Users/justin/Library/Application Support/Blender/2.80/config/userpref.blend
found bundled python: /Applications/Blender.app/Contents/Resources/2.80/python
Read blend: /Users/justin/Desktop/gamer_revisions/mesh_sensitivity_analysis/imod2obj_direct_102618.blend
Loading BlendGAMer v(2, 0, 5) with PyGAMer v2.0.5-dev-23-g71c9c50.dirty
Loading BlendGAMer v(2, 0, 5) with PyGAMer v2.0.5-dev-23-g71c9c50.dirty
Blendfile contains GAMer v(2, 0, 5) metadata
######################## Begin Tetrahedralize ########################
obj_name = obj1_plasma_membrane, tet_domain = <bpy_struct, GAMerTetDomainPropertyGroup("")>
Current domains = ['obj1_plasma_membrane']
Mesh obj1_plasma_membrane: num verts: 4695 numfaces: 9386
Closed: 0; Marker: 1
========================================
TetGen quality string: q1.3000/10.0000O8/7AYVC
========================================
Number of vertices: 4695
Number of Faces: 9386
Number of Regions: 1
Number of Holes: 0
Region point: Tensor({0}:411.58; {1}:105.499; {2}:511.808)
  Initializing memorypools.
  tetrahedron per block: 8188.
  Size of a point: 128 bytes.
  Size of a tetrahedron: 104 (112) bytes.
  Size of a shellface: 192 (192) bytes.
  Initializing robust predicates.
  sizeof(double) =  8
  machine epsilon =   2.22045e-16 [IEEE 754 64-bit macheps]
Delaunizing vertices...
  Permuting vertices.
  Sorting vertices.
  Incrementally inserting vertices.
Delaunay seconds:  0.026369
  Point sorting seconds:  0.000524
Creating surface mesh ...
  9386 (14079) subfaces (segments).
Surface mesh seconds:  0.008938
Recovering boundaries...
  Recovering segments.
  14067 (12) segments are recovered (missing).
  14076 (3) segments are recovered (missing).
  Added 2 Steiner points in volume.
  Added 1 Steiner points in segments.
  Removed 1 Steiner points in segments.
  Recovering facets.
  9386 (0) subfaces are recovered (missing).
Boundary recovery seconds:  0.033075
  Segment recovery seconds:  0.024256
  Facet recovery seconds:  0.008819
Removing exterior tetrahedra ...
Spreading region attributes.
  Found 1 domain.
Exterior tets removal seconds:  0.013318
Suppressing Steiner points ...
  Smoothed 1 Steiner points.
Steiner suppression seconds:  0.000127
Recovering Delaunayness...
  Initial obj = 8511601046442.5908
  Final obj  = 8511525037039.5605
Delaunay recovery seconds:  0.018494
Refining mesh...
  Min radiu-edge ratio = 1.3.
  Min dihedral   angle = 10.
  Splitting bad quality tets.
  Added 2084 (0,0,2084) Steiner points.
  Performed 329 flips.
Refinement seconds:  0.47058
Optimizing mesh...
  Optimization level  = 8.
  Optimization scheme = 7.
  Number of iteration = 255.
  Min_Max dihed angle = 165.
  Removed 3070 edges.
  Smoothed 1 points.
  Split 1 slivers.
Optimization seconds:  1.33303
Jettisoning redundant points.
  0 duplicated vertices are removed.
  1 unused vertices are removed.

Writing nodes.
Writing elements.
Writing faces.
Writing edges.

Output seconds:  0.002594
Total running seconds:  1.90716
  Checking consistency of mesh...
  In my studied opinion, the mesh appears to be consistent.
  Checking consistency of the mesh boundary...
  Mesh boundaries connected correctly.
  Checking tet->seg connections...
  Checking seg->tet connections...
  Checking seg->seg connections...
  Segments are connected properly.

Statistics:

  Input points: 4695
  Input facets: 9386
  Input segments: 14079
  Input holes: 0
  Input regions: 1

  Mesh points: 6782
  Mesh tetrahedra: 27947
  Mesh faces: 60587
  Mesh faces on facets: 9386
  Mesh edges on segments: 14079
  Steiner points inside domain: 2087

Mesh quality statistics:

  Smallest volume:        0.0010672   |  Largest volume:           4839.1
  Shortest edge:            0.12041   |  Longest edge:              98.83
  Smallest asp.ratio:        1.2431   |  Largest asp.ratio:         45875
  Smallest facangle:      0.0024047   |  Largest facangle:       179.8609
  Smallest dihedral:       0.012446   |  Largest dihedral:       179.6879

  Aspect ratio histogram:
         < 1.5       :       226      |      6 - 10         :      4016
     1.5 - 2         :      2856      |     10 - 15         :      1964
       2 - 2.5       :      4430      |     15 - 25         :      1213
     2.5 - 3         :      3576      |     25 - 50         :       514
       3 - 4         :      4417      |     50 - 100        :       144
       4 - 6         :      4537      |    100 -            :        54
  (A tetrahedron's aspect ratio is its longest edge length divided by its
    smallest side height)

  Face angle histogram:
      0 -  10 degrees:      3453      |     90 - 100 degrees:      9161
     10 -  20 degrees:     10191      |    100 - 110 degrees:      6408
     20 -  30 degrees:     14715      |    110 - 120 degrees:      4446
     30 -  40 degrees:     21441      |    120 - 130 degrees:      3093
     40 -  50 degrees:     24981      |    130 - 140 degrees:      2153
     50 -  60 degrees:     24713      |    140 - 150 degrees:      1439
     60 -  70 degrees:     22647      |    150 - 160 degrees:       953
     70 -  80 degrees:     18596      |    160 - 170 degrees:       434
     80 -  90 degrees:     12853      |    170 - 180 degrees:        84

  Dihedral angle histogram:
       0 -  5 degrees:       786      |     80 - 110 degrees:     30347
       5 - 10 degrees:      2857      |    110 - 120 degrees:      6949
      10 - 20 degrees:     10990      |    120 - 130 degrees:      5653
      20 - 30 degrees:     13423      |    130 - 140 degrees:      5004
      30 - 40 degrees:     15448      |    140 - 150 degrees:      4411
      40 - 50 degrees:     16596      |    150 - 160 degrees:      3840
      50 - 60 degrees:     17178      |    160 - 170 degrees:      2019
      60 - 70 degrees:     16778      |    170 - 175 degrees:       120
      70 - 80 degrees:     15254      |    175 - 180 degrees:        29


Memory usage statistics:

  Maximum number of tetrahedra:  43053
  Maximum number of tet blocks (blocksize = 8188):  6
  Approximate memory for tetrahedral mesh (bytes):  12,899,760
  Approximate memory for extra pointers (bytes):  2,733,104
  Approximate memory for algorithms (bytes):  5,838,328
  Approximate memory for working arrays (bytes):  745,520
  Approximate total used memory (bytes):  22,216,712

Writing to paraview file: /Users/justin/tetmesh_init.vtk
######################## End Tetrahedralize ########################
######################## Begin Tetrahedralize ########################
obj_name = obj1_plasma_membrane, tet_domain = <bpy_struct, GAMerTetDomainPropertyGroup("")>
Current domains = ['obj1_plasma_membrane']
Mesh obj1_plasma_membrane: num verts: 4695 numfaces: 9386
Closed: 0; Marker: 1
========================================
TetGen quality string: q1.3000/10.0000O8/7AYVC
========================================
Number of vertices: 4695
Number of Faces: 9386
Number of Regions: 1
Number of Holes: 0
Region point: Tensor({0}:411.58; {1}:105.499; {2}:511.808)
  Initializing memorypools.
  tetrahedron per block: 8188.
  Size of a point: 128 bytes.
  Size of a tetrahedron: 104 (112) bytes.
  Size of a shellface: 192 (192) bytes.
  Initializing robust predicates.
  sizeof(double) =  8
  machine epsilon =   2.22045e-16 [IEEE 754 64-bit macheps]
Delaunizing vertices...
  Permuting vertices.
  Sorting vertices.
  Incrementally inserting vertices.
Delaunay seconds:  0.026239
  Point sorting seconds:  0.00056
Creating surface mesh ...
  9386 (14079) subfaces (segments).
Surface mesh seconds:  0.008595
Recovering boundaries...
  Recovering segments.
  14067 (12) segments are recovered (missing).
  14076 (3) segments are recovered (missing).
  Added 2 Steiner points in volume.
  Added 1 Steiner points in segments.
  Removed 1 Steiner points in segments.
  Recovering facets.
  9386 (0) subfaces are recovered (missing).
Boundary recovery seconds:  0.0339
  Segment recovery seconds:  0.024307
  Facet recovery seconds:  0.009593
Removing exterior tetrahedra ...
Spreading region attributes.
  Found 1 domain.
Exterior tets removal seconds:  0.014622
Suppressing Steiner points ...
  Smoothed 1 Steiner points.
Steiner suppression seconds:  0.000134
Recovering Delaunayness...
  Initial obj = 8511601046442.5908
  Final obj  = 8511525037039.5605
Delaunay recovery seconds:  0.018632
Refining mesh...
  Min radiu-edge ratio = 1.3.
  Min dihedral   angle = 10.
  Splitting bad quality tets.
  Added 2084 (0,0,2084) Steiner points.
  Performed 329 flips.
Refinement seconds:  0.494039
Optimizing mesh...
  Optimization level  = 8.
  Optimization scheme = 7.
  Number of iteration = 255.
  Min_Max dihed angle = 165.
  Removed 3070 edges.
  Smoothed 1 points.
  Split 1 slivers.
Optimization seconds:  1.64213
Jettisoning redundant points.
  0 duplicated vertices are removed.
  1 unused vertices are removed.

Writing nodes.
Writing elements.
Writing faces.
Writing edges.

Output seconds:  0.004682
Total running seconds:  2.24376
  Checking consistency of mesh...
  In my studied opinion, the mesh appears to be consistent.
  Checking consistency of the mesh boundary...
  Mesh boundaries connected correctly.
  Checking tet->seg connections...
  Checking seg->tet connections...
  Checking seg->seg connections...
  Segments are connected properly.

Statistics:

  Input points: 4695
  Input facets: 9386
  Input segments: 14079
  Input holes: 0
  Input regions: 1

  Mesh points: 6782
  Mesh tetrahedra: 27947
  Mesh faces: 60587
  Mesh faces on facets: 9386
  Mesh edges on segments: 14079
  Steiner points inside domain: 2087

Mesh quality statistics:

  Smallest volume:        0.0010672   |  Largest volume:           4839.1
  Shortest edge:            0.12041   |  Longest edge:              98.83
  Smallest asp.ratio:        1.2431   |  Largest asp.ratio:         45875
  Smallest facangle:      0.0024047   |  Largest facangle:       179.8609
  Smallest dihedral:       0.012446   |  Largest dihedral:       179.6879

  Aspect ratio histogram:
         < 1.5       :       226      |      6 - 10         :      4016
     1.5 - 2         :      2856      |     10 - 15         :      1964
       2 - 2.5       :      4430      |     15 - 25         :      1213
     2.5 - 3         :      3576      |     25 - 50         :       514
       3 - 4         :      4417      |     50 - 100        :       144
       4 - 6         :      4537      |    100 -            :        54
  (A tetrahedron's aspect ratio is its longest edge length divided by its
    smallest side height)

  Face angle histogram:
      0 -  10 degrees:      3453      |     90 - 100 degrees:      9161
     10 -  20 degrees:     10191      |    100 - 110 degrees:      6408
     20 -  30 degrees:     14715      |    110 - 120 degrees:      4446
     30 -  40 degrees:     21441      |    120 - 130 degrees:      3093
     40 -  50 degrees:     24981      |    130 - 140 degrees:      2153
     50 -  60 degrees:     24713      |    140 - 150 degrees:      1439
     60 -  70 degrees:     22647      |    150 - 160 degrees:       953
     70 -  80 degrees:     18596      |    160 - 170 degrees:       434
     80 -  90 degrees:     12853      |    170 - 180 degrees:        84

  Dihedral angle histogram:
       0 -  5 degrees:       786      |     80 - 110 degrees:     30347
       5 - 10 degrees:      2857      |    110 - 120 degrees:      6949
      10 - 20 degrees:     10990      |    120 - 130 degrees:      5653
      20 - 30 degrees:     13423      |    130 - 140 degrees:      5004
      30 - 40 degrees:     15448      |    140 - 150 degrees:      4411
      40 - 50 degrees:     16596      |    150 - 160 degrees:      3840
      50 - 60 degrees:     17178      |    160 - 170 degrees:      2019
      60 - 70 degrees:     16778      |    170 - 175 degrees:       120
      70 - 80 degrees:     15254      |    175 - 180 degrees:        29


Memory usage statistics:

  Maximum number of tetrahedra:  43053
  Maximum number of tet blocks (blocksize = 8188):  6
  Approximate memory for tetrahedral mesh (bytes):  12,899,760
  Approximate memory for extra pointers (bytes):  2,733,104
  Approximate memory for algorithms (bytes):  5,838,328
  Approximate memory for working arrays (bytes):  745,520
  Approximate total used memory (bytes):  22,216,712

Info: GAMer: Smooth Mesh complete

Info: GAMer: Smooth Mesh complete

Info: GAMer: Smooth Mesh complete

Writing to dolfin file: /Users/justin/tetmesh_init.xml
######################## End Tetrahedralize ########################
######################## Begin Tetrahedralize ########################
obj_name = obj1_plasma_membrane, tet_domain = <bpy_struct, GAMerTetDomainPropertyGroup("")>
Current domains = ['obj1_plasma_membrane']
Mesh obj1_plasma_membrane: num verts: 4695 numfaces: 9386
Closed: 0; Marker: 1
========================================
TetGen quality string: q1.3000/10.0000O8/7AYVC
========================================
Number of vertices: 4695
Number of Faces: 9386
Number of Regions: 1
Number of Holes: 0
Region point: Tensor({0}:413.544; {1}:107.223; {2}:503.118)
  Initializing memorypools.
  tetrahedron per block: 8188.
  Size of a point: 128 bytes.
  Size of a tetrahedron: 104 (112) bytes.
  Size of a shellface: 192 (192) bytes.
  Initializing robust predicates.
  sizeof(double) =  8
  machine epsilon =   2.22045e-16 [IEEE 754 64-bit macheps]
Delaunizing vertices...
  Permuting vertices.
  Sorting vertices.
  Incrementally inserting vertices.
Delaunay seconds:  0.026005
  Point sorting seconds:  0.000724
Creating surface mesh ...
  9386 (14079) subfaces (segments).
Surface mesh seconds:  0.009227
Recovering boundaries...
  Recovering segments.
  14063 (16) segments are recovered (missing).
  14073 (6) segments are recovered (missing).
  Added 2 Steiner points in volume.
  Added 3 Steiner points in segments.
  Suppressed 1 Steiner points in segments.
  Removed 2 Steiner points in segments.
  Recovering facets.
Found a segment and a subface intersect.
  1st: [1467, 1392] 1.
  2nd: [1386,1388,1464] 2030
Traceback (most recent call last):
  File "/Users/justin/Library/Application Support/Blender/2.80/scripts/addons/blendgamer/tetrahedralization.py", line 82, in invoke
    return self.execute(context)
  File "/Users/justin/Library/Application Support/Blender/2.80/scripts/addons/blendgamer/tetrahedralization.py", line 78, in execute
    context.scene.gamer.tet_group.tetrahedralize(self.report)
  File "/Users/justin/Library/Application Support/Blender/2.80/scripts/addons/blendgamer/tetrahedralization.py", line 293, in tetrahedralize
    tetmesh = g.makeTetMesh(gmeshes, quality_str)
RuntimeError: Tetgen: A self intersection was detected. Program stopped. Hint: use -d option to detect all self-intersections

location: <unknown location>:-1

location: <unknown location>:-1
Info: GAMer: Smooth Mesh complete

######################## Begin Tetrahedralize ########################
obj_name = obj1_plasma_membrane, tet_domain = <bpy_struct, GAMerTetDomainPropertyGroup("")>
Current domains = ['obj1_plasma_membrane']
Mesh obj1_plasma_membrane: num verts: 4695 numfaces: 9386
Closed: 0; Marker: 1
========================================
TetGen quality string: q1.3000/10.0000O8/7AYVC
========================================
Number of vertices: 4695
Number of Faces: 9386
Number of Regions: 1
Number of Holes: 0
Region point: Tensor({0}:414.807; {1}:108.642; {2}:506.244)
  Initializing memorypools.
  tetrahedron per block: 8188.
  Size of a point: 128 bytes.
  Size of a tetrahedron: 104 (112) bytes.
  Size of a shellface: 192 (192) bytes.
  Initializing robust predicates.
  sizeof(double) =  8
  machine epsilon =   2.22045e-16 [IEEE 754 64-bit macheps]
Delaunizing vertices...
  Permuting vertices.
  Sorting vertices.
  Incrementally inserting vertices.
Delaunay seconds:  0.026202
  Point sorting seconds:  0.000735
Creating surface mesh ...
  9386 (14079) subfaces (segments).
Surface mesh seconds:  0.010439
Recovering boundaries...
  Recovering segments.
  14070 (9) segments are recovered (missing).
  14076 (3) segments are recovered (missing).
  Added 1 Steiner points in volume.
  Added 2 Steiner points in segments.
  Removed 2 Steiner points in segments.
  Recovering facets.
Found a segment and a subface intersect.
  1st: [1388, 1464] 1.
  2nd: [1392,1466,1467] 1817
Traceback (most recent call last):
  File "/Users/justin/Library/Application Support/Blender/2.80/scripts/addons/blendgamer/tetrahedralization.py", line 82, in invoke
    return self.execute(context)
  File "/Users/justin/Library/Application Support/Blender/2.80/scripts/addons/blendgamer/tetrahedralization.py", line 78, in execute
    context.scene.gamer.tet_group.tetrahedralize(self.report)
  File "/Users/justin/Library/Application Support/Blender/2.80/scripts/addons/blendgamer/tetrahedralization.py", line 293, in tetrahedralize
    tetmesh = g.makeTetMesh(gmeshes, quality_str)
RuntimeError: Tetgen: A self intersection was detected. Program stopped. Hint: use -d option to detect all self-intersections

location: <unknown location>:-1

location: <unknown location>:-1
Info: GAMer: Smooth Mesh complete

######################## Begin Tetrahedralize ########################
obj_name = obj1_plasma_membrane, tet_domain = <bpy_struct, GAMerTetDomainPropertyGroup("")>
Current domains = ['obj1_plasma_membrane']
Mesh obj1_plasma_membrane: num verts: 4695 numfaces: 9386
Closed: 0; Marker: 1
========================================
TetGen quality string: q1.3000/10.0000O8/7AYVC
========================================
Number of vertices: 4695
Number of Faces: 9386
Number of Regions: 1
Number of Holes: 0
Region point: Tensor({0}:414.713; {1}:108.732; {2}:506.53)
  Initializing memorypools.
  tetrahedron per block: 8188.
  Size of a point: 128 bytes.
  Size of a tetrahedron: 104 (112) bytes.
  Size of a shellface: 192 (192) bytes.
  Initializing robust predicates.
  sizeof(double) =  8
  machine epsilon =   2.22045e-16 [IEEE 754 64-bit macheps]
Delaunizing vertices...
  Permuting vertices.
  Sorting vertices.
  Incrementally inserting vertices.
Delaunay seconds:  0.026109
  Point sorting seconds:  0.000593
Creating surface mesh ...
  9386 (14079) subfaces (segments).
Surface mesh seconds:  0.009805
Recovering boundaries...
  Recovering segments.
  14068 (11) segments are recovered (missing).
  14074 (5) segments are recovered (missing).
  Added 2 Steiner points in volume.
  Added 2 Steiner points in segments.
  Removed 2 Steiner points in segments.
  Recovering facets.
Found a segment and a subface intersect.
  1st: [1388, 1464] 1.
  2nd: [1391,1392,1466] 1616
Traceback (most recent call last):
  File "/Users/justin/Library/Application Support/Blender/2.80/scripts/addons/blendgamer/tetrahedralization.py", line 82, in invoke
    return self.execute(context)
  File "/Users/justin/Library/Application Support/Blender/2.80/scripts/addons/blendgamer/tetrahedralization.py", line 78, in execute
    context.scene.gamer.tet_group.tetrahedralize(self.report)
  File "/Users/justin/Library/Application Support/Blender/2.80/scripts/addons/blendgamer/tetrahedralization.py", line 293, in tetrahedralize
    tetmesh = g.makeTetMesh(gmeshes, quality_str)
RuntimeError: Tetgen: A self intersection was detected. Program stopped. Hint: use -d option to detect all self-intersections

location: <unknown location>:-1

location: <unknown location>:-1
Info: GAMer: Smooth Mesh complete

######################## Begin Tetrahedralize ########################
obj_name = obj1_plasma_membrane, tet_domain = <bpy_struct, GAMerTetDomainPropertyGroup("")>
Current domains = ['obj1_plasma_membrane']
Mesh obj1_plasma_membrane: num verts: 4695 numfaces: 9386
Closed: 0; Marker: 1
========================================
TetGen quality string: q1.3000/10.0000O8/7AYVC
========================================
Number of vertices: 4695
Number of Faces: 9386
Number of Regions: 1
Number of Holes: 0
Region point: Tensor({0}:414.515; {1}:108.878; {2}:507.074)
  Initializing memorypools.
  tetrahedron per block: 8188.
  Size of a point: 128 bytes.
  Size of a tetrahedron: 104 (112) bytes.
  Size of a shellface: 192 (192) bytes.
  Initializing robust predicates.
  sizeof(double) =  8
  machine epsilon =   2.22045e-16 [IEEE 754 64-bit macheps]
Delaunizing vertices...
  Permuting vertices.
  Sorting vertices.
  Incrementally inserting vertices.
Delaunay seconds:  0.025379
  Point sorting seconds:  0.000552
Creating surface mesh ...
  9386 (14079) subfaces (segments).
Surface mesh seconds:  0.012417
Recovering boundaries...
  Recovering segments.
  14077 (2) segments are recovered (missing).
  14078 (1) segments are recovered (missing).
  Added 1 Steiner points in volume.
  Recovering facets.
Found a segment and a subface intersect.
  1st: [1388, 1464] 1.
  2nd: [1391,1465,1466] 1338
Traceback (most recent call last):
  File "/Users/justin/Library/Application Support/Blender/2.80/scripts/addons/blendgamer/tetrahedralization.py", line 82, in invoke
    return self.execute(context)
  File "/Users/justin/Library/Application Support/Blender/2.80/scripts/addons/blendgamer/tetrahedralization.py", line 78, in execute
    context.scene.gamer.tet_group.tetrahedralize(self.report)
  File "/Users/justin/Library/Application Support/Blender/2.80/scripts/addons/blendgamer/tetrahedralization.py", line 293, in tetrahedralize
    tetmesh = g.makeTetMesh(gmeshes, quality_str)
RuntimeError: Tetgen: A self intersection was detected. Program stopped. Hint: use -d option to detect all self-intersections

location: <unknown location>:-1

location: <unknown location>:-1
  Min Angle: 0.325839, Max Angle: 175.329, # Small Angles: 565, # Large Angles: 134
Info: GAMer: Normal Smooth complete

Info: GAMer: Smooth Mesh complete

Info: GAMer: Smooth Mesh complete

######################## Begin Tetrahedralize ########################
obj_name = obj1_plasma_membrane, tet_domain = <bpy_struct, GAMerTetDomainPropertyGroup("")>
Current domains = ['obj1_plasma_membrane']
Mesh obj1_plasma_membrane: num verts: 4695 numfaces: 9386
Closed: 0; Marker: 1
========================================
TetGen quality string: q1.3000/10.0000O8/7AYVC
========================================
Number of vertices: 4695
Number of Faces: 9386
Number of Regions: 1
Number of Holes: 0
Region point: Tensor({0}:414.712; {1}:110.27; {2}:507.195)
  Initializing memorypools.
  tetrahedron per block: 8188.
  Size of a point: 128 bytes.
  Size of a tetrahedron: 104 (112) bytes.
  Size of a shellface: 192 (192) bytes.
  Initializing robust predicates.
  sizeof(double) =  8
  machine epsilon =   2.22045e-16 [IEEE 754 64-bit macheps]
Delaunizing vertices...
  Permuting vertices.
  Sorting vertices.
  Incrementally inserting vertices.
Delaunay seconds:  0.02758
  Point sorting seconds:  0.000545
Creating surface mesh ...
  9386 (14079) subfaces (segments).
Surface mesh seconds:  0.012117
Recovering boundaries...
  Recovering segments.
  14079 (0) segments are recovered (missing).
  Recovering facets.
Found a segment and a subface intersect.
  1st: [1466, 1390] 1.
  2nd: [1388,1391,1465] 6458
Traceback (most recent call last):
  File "/Users/justin/Library/Application Support/Blender/2.80/scripts/addons/blendgamer/tetrahedralization.py", line 82, in invoke
    return self.execute(context)
  File "/Users/justin/Library/Application Support/Blender/2.80/scripts/addons/blendgamer/tetrahedralization.py", line 78, in execute
    context.scene.gamer.tet_group.tetrahedralize(self.report)
  File "/Users/justin/Library/Application Support/Blender/2.80/scripts/addons/blendgamer/tetrahedralization.py", line 293, in tetrahedralize
    tetmesh = g.makeTetMesh(gmeshes, quality_str)
RuntimeError: Tetgen: A self intersection was detected. Program stopped. Hint: use -d option to detect all self-intersections

location: <unknown location>:-1

location: <unknown location>:-1
######################## Begin Tetrahedralize ########################
obj_name = obj1_plasma_membrane, tet_domain = <bpy_struct, GAMerTetDomainPropertyGroup("")>
Current domains = ['obj1_plasma_membrane']
Mesh obj1_plasma_membrane: num verts: 4694 numfaces: 9384
Closed: 0; Marker: 1
========================================
TetGen quality string: q1.3000/10.0000O8/7AYVC
========================================
Number of vertices: 4694
Number of Faces: 9384
Number of Regions: 1
Number of Holes: 0
Region point: Tensor({0}:414.712; {1}:110.27; {2}:507.195)
  Initializing memorypools.
  tetrahedron per block: 8188.
  Size of a point: 128 bytes.
  Size of a tetrahedron: 104 (112) bytes.
  Size of a shellface: 192 (192) bytes.
  Initializing robust predicates.
  sizeof(double) =  8
  machine epsilon =   2.22045e-16 [IEEE 754 64-bit macheps]
Delaunizing vertices...
  Permuting vertices.
  Sorting vertices.
  Incrementally inserting vertices.
Delaunay seconds:  0.026352
  Point sorting seconds:  0.000543
Creating surface mesh ...
  9384 (14076) subfaces (segments).
Surface mesh seconds:  0.012547
Recovering boundaries...
  Recovering segments.
  14076 (0) segments are recovered (missing).
  Recovering facets.
Found a segment and a subface intersect.
  1st: [1465, 1390] 1.
  2nd: [1388,1391,1464] 6457
Traceback (most recent call last):
  File "/Users/justin/Library/Application Support/Blender/2.80/scripts/addons/blendgamer/tetrahedralization.py", line 82, in invoke
    return self.execute(context)
  File "/Users/justin/Library/Application Support/Blender/2.80/scripts/addons/blendgamer/tetrahedralization.py", line 78, in execute
    context.scene.gamer.tet_group.tetrahedralize(self.report)
  File "/Users/justin/Library/Application Support/Blender/2.80/scripts/addons/blendgamer/tetrahedralization.py", line 293, in tetrahedralize
    tetmesh = g.makeTetMesh(gmeshes, quality_str)
RuntimeError: Tetgen: A self intersection was detected. Program stopped. Hint: use -d option to detect all self-intersections

location: <unknown location>:-1

location: <unknown location>:-1
Info: GAMer: Smooth Mesh complete

######################## Begin Tetrahedralize ########################
obj_name = obj1_plasma_membrane, tet_domain = <bpy_struct, GAMerTetDomainPropertyGroup("")>
Current domains = ['obj1_plasma_membrane']
Mesh obj1_plasma_membrane: num verts: 4694 numfaces: 9384
Closed: 0; Marker: 1
========================================
TetGen quality string: q1.3000/10.0000O8/7AYVC
========================================
Number of vertices: 4694
Number of Faces: 9384
Number of Regions: 1
Number of Holes: 0
Region point: Tensor({0}:414.796; {1}:110.75; {2}:507.775)
  Initializing memorypools.
  tetrahedron per block: 8188.
  Size of a point: 128 bytes.
  Size of a tetrahedron: 104 (112) bytes.
  Size of a shellface: 192 (192) bytes.
  Initializing robust predicates.
  sizeof(double) =  8
  machine epsilon =   2.22045e-16 [IEEE 754 64-bit macheps]
Delaunizing vertices...
  Permuting vertices.
  Sorting vertices.
  Incrementally inserting vertices.
Delaunay seconds:  0.025647
  Point sorting seconds:  0.000528
Creating surface mesh ...
  9384 (14076) subfaces (segments).
Surface mesh seconds:  0.010552
Recovering boundaries...
  Recovering segments.
  14076 (0) segments are recovered (missing).
  Recovering facets.
  9384 (0) subfaces are recovered (missing).
Boundary recovery seconds:  0.021035
  Segment recovery seconds:  0.012635
  Facet recovery seconds:  0.0084
Removing exterior tetrahedra ...
Spreading region attributes.
  Found 1 domain.
Exterior tets removal seconds:  0.014027
Recovering Delaunayness...
  Initial obj = 8537370183333.8838
  Final obj  = 8537370182240.7178
Delaunay recovery seconds:  0.007867
Refining mesh...
  Min radiu-edge ratio = 1.3.
  Min dihedral   angle = 10.
  Splitting bad quality tets.
  Added 2442 (0,0,2442) Steiner points.
Refinement seconds:  0.088222
Optimizing mesh...
  Optimization level  = 8.
  Optimization scheme = 7.
  Number of iteration = 255.
  Min_Max dihed angle = 165.
  Removed 65 edges.
Optimization seconds:  0.00587

Writing nodes.
Writing elements.
Writing faces.
Writing edges.

Output seconds:  0.002282
Total running seconds:  0.176129
  Checking consistency of mesh...
  In my studied opinion, the mesh appears to be consistent.
  Checking consistency of the mesh boundary...
  Mesh boundaries connected correctly.
  Checking tet->seg connections...
  Checking seg->tet connections...
  Checking seg->seg connections...
  Segments are connected properly.

Statistics:

  Input points: 4694
  Input facets: 9384
  Input segments: 14076
  Input holes: 0
  Input regions: 1

  Mesh points: 7136
  Mesh tetrahedra: 28845
  Mesh faces: 62382
  Mesh faces on facets: 9384
  Mesh edges on segments: 14076
  Steiner points inside domain: 2442

Mesh quality statistics:

  Smallest volume:          0.52201   |  Largest volume:           680.56
  Shortest edge:              1.924   |  Longest edge:             21.992
  Smallest asp.ratio:         1.255   |  Largest asp.ratio:        13.388
  Smallest facangle:         10.992   |  Largest facangle:       152.3369
  Smallest dihedral:         6.8404   |  Largest dihedral:       166.2994

  Aspect ratio histogram:
         < 1.5       :       525      |      6 - 10         :       498
     1.5 - 2         :      7711      |     10 - 15         :        21
       2 - 2.5       :      9851      |     15 - 25         :         0
     2.5 - 3         :      5822      |     25 - 50         :         0
       3 - 4         :      3237      |     50 - 100        :         0
       4 - 6         :      1180      |    100 -            :         0
  (A tetrahedron's aspect ratio is its longest edge length divided by its
    smallest side height)

  Face angle histogram:
      0 -  10 degrees:         0      |     90 - 100 degrees:      7640
     10 -  20 degrees:        14      |    100 - 110 degrees:      3224
     20 -  30 degrees:      3350      |    110 - 120 degrees:       905
     30 -  40 degrees:     20423      |    120 - 130 degrees:       121
     40 -  50 degrees:     36585      |    130 - 140 degrees:         7
     50 -  60 degrees:     40183      |    140 - 150 degrees:         1
     60 -  70 degrees:     36022      |    150 - 160 degrees:         1
     70 -  80 degrees:     24262      |    160 - 170 degrees:         0
     80 -  90 degrees:     14408      |    170 - 180 degrees:         0

  Dihedral angle histogram:
       0 -  5 degrees:         0      |     80 - 110 degrees:     37948
       5 - 10 degrees:        28      |    110 - 120 degrees:      5935
      10 - 20 degrees:      2749      |    120 - 130 degrees:      3525
      20 - 30 degrees:      5849      |    130 - 140 degrees:      2303
      30 - 40 degrees:     11871      |    140 - 150 degrees:      1704
      40 - 50 degrees:     21155      |    150 - 160 degrees:      1131
      50 - 60 degrees:     26942      |    160 - 170 degrees:       253
      60 - 70 degrees:     27989      |    170 - 175 degrees:         0
      70 - 80 degrees:     23688      |    175 - 180 degrees:         0


Memory usage statistics:

  Maximum number of tetrahedra:  39465
  Maximum number of tet blocks (blocksize = 8188):  5
  Approximate memory for tetrahedral mesh (bytes):  12,540,400
  Approximate memory for extra pointers (bytes):  2,561,088
  Approximate memory for algorithms (bytes):  5,104,800
  Approximate memory for working arrays (bytes):  1,245,360
  Approximate total used memory (bytes):  21,451,648

File '/Users/justintetmesh_init.xml' could not be writen to.
